[debug] [2023-01-06T15:50:51.581Z] ----------------------------------------------------------------------
[debug] [2023-01-06T15:50:51.582Z] Command:       /usr/local/bin/firebase /home/nathanael/.cache/firebase/tools/lib/node_modules/firebase-tools/lib/bin/firebase init hosting
[debug] [2023-01-06T15:50:51.582Z] CLI Version:   10.7.1
[debug] [2023-01-06T15:50:51.582Z] Platform:      linux
[debug] [2023-01-06T15:50:51.582Z] Node Version:  v12.18.1
[debug] [2023-01-06T15:50:51.582Z] Time:          Fri Jan 06 2023 15:50:51 GMT+0000 (Greenwich Mean Time)
[debug] [2023-01-06T15:50:51.582Z] ----------------------------------------------------------------------
[debug] 
[debug] [2023-01-06T15:50:51.618Z] > command requires scopes: ["email","openid","https://www.googleapis.com/auth/cloudplatformprojects.readonly","https://www.googleapis.com/auth/firebase","https://www.googleapis.com/auth/cloud-platform"]
[debug] [2023-01-06T15:50:51.619Z] > authorizing via signed-in user (nathanaelsheehan@gmail.com)
[info] 
     ######## #### ########  ######## ########     ###     ######  ########
     ##        ##  ##     ## ##       ##     ##  ##   ##  ##       ##
     ######    ##  ########  ######   ########  #########  ######  ######
     ##        ##  ##    ##  ##       ##     ## ##     ##       ## ##
     ##       #### ##     ## ######## ########  ##     ##  ######  ########

You're about to initialize a Firebase project in this directory:

  /home/nathanael

Before we get started, keep in mind:

  * You are initializing within an existing Firebase project directory

[info] 
=== Project Setup
[info] 
[info] First, let's associate this project directory with a Firebase project.
[info] You can create multiple project aliases by running firebase use --add, 
[info] but for now we'll just set up a default project.
[info] 
[debug] [2023-01-06T15:50:51.621Z] Using project from CLI flag: seeingred-44beb
[debug] [2023-01-06T15:50:51.622Z] >>> [apiv2][query] GET https://firebase.googleapis.com/v1beta1/projects/seeingred-44beb [none]
[debug] [2023-01-06T15:50:52.304Z] <<< [apiv2][status] GET https://firebase.googleapis.com/v1beta1/projects/seeingred-44beb 200
[debug] [2023-01-06T15:50:52.304Z] <<< [apiv2][body] GET https://firebase.googleapis.com/v1beta1/projects/seeingred-44beb {"projectId":"seeingred-44beb","projectNumber":"653659281319","displayName":"SEEINGRED","name":"projects/seeingred-44beb","resources":{"hostingSite":"seeingred-44beb"},"state":"ACTIVE","etag":"1_0b8edafc-06f8-4269-bda2-bd5a449f9184"}
[info] i  Using project seeingred-44beb (SEEINGRED) 
[info] 
=== Hosting Setup
[info] 
[info] Your public directory is the folder (relative to your project directory) that
[info] will contain Hosting assets to be uploaded with firebase deploy. If you
[info] have a build process for your assets, use your build's output directory.
[info] 
[debug] [2023-01-06T15:51:35.424Z] ----------------------------------------------------------------------
[debug] [2023-01-06T15:51:35.425Z] Command:       /usr/local/bin/firebase /home/nathanael/.cache/firebase/tools/lib/node_modules/firebase-tools/lib/bin/firebase serve
[debug] [2023-01-06T15:51:35.425Z] CLI Version:   10.7.1
[debug] [2023-01-06T15:51:35.425Z] Platform:      linux
[debug] [2023-01-06T15:51:35.425Z] Node Version:  v12.18.1
[debug] [2023-01-06T15:51:35.425Z] Time:          Fri Jan 06 2023 15:51:35 GMT+0000 (Greenwich Mean Time)
[debug] [2023-01-06T15:51:35.425Z] ----------------------------------------------------------------------
[debug] 
[debug] [2023-01-06T15:51:35.460Z] > command requires scopes: ["email","openid","https://www.googleapis.com/auth/cloudplatformprojects.readonly","https://www.googleapis.com/auth/firebase","https://www.googleapis.com/auth/cloud-platform"]
[debug] [2023-01-06T15:51:35.461Z] > authorizing via signed-in user (nathanaelsheehan@gmail.com)
[debug] [2023-01-06T15:51:35.461Z] [iam] checking project seeingred-44beb for permissions ["firebase.projects.get"]
[debug] [2023-01-06T15:51:35.462Z] >>> [apiv2][query] POST https://cloudresourcemanager.googleapis.com/v1/projects/seeingred-44beb:testIamPermissions [none]
[debug] [2023-01-06T15:51:35.462Z] >>> [apiv2][body] POST https://cloudresourcemanager.googleapis.com/v1/projects/seeingred-44beb:testIamPermissions {"permissions":["firebase.projects.get"]}
[debug] [2023-01-06T15:51:36.580Z] <<< [apiv2][status] POST https://cloudresourcemanager.googleapis.com/v1/projects/seeingred-44beb:testIamPermissions 200
[debug] [2023-01-06T15:51:36.580Z] <<< [apiv2][body] POST https://cloudresourcemanager.googleapis.com/v1/projects/seeingred-44beb:testIamPermissions {"permissions":["firebase.projects.get"]}
[debug] [2023-01-06T15:51:36.581Z] >>> [apiv2][query] GET https://firebase.googleapis.com/v1beta1/projects/seeingred-44beb [none]
[debug] [2023-01-06T15:51:37.048Z] <<< [apiv2][status] GET https://firebase.googleapis.com/v1beta1/projects/seeingred-44beb 200
[debug] [2023-01-06T15:51:37.049Z] <<< [apiv2][body] GET https://firebase.googleapis.com/v1beta1/projects/seeingred-44beb {"projectId":"seeingred-44beb","projectNumber":"653659281319","displayName":"SEEINGRED","name":"projects/seeingred-44beb","resources":{"hostingSite":"seeingred-44beb"},"state":"ACTIVE","etag":"1_0b8edafc-06f8-4269-bda2-bd5a449f9184"}
[info] 
[info] === Serving from '/home/nathanael'...
[info] 
[debug] [2023-01-06T15:51:37.052Z] >>> [apiv2][query] GET https://firebasehosting.googleapis.com/v1beta1/projects/seeingred-44beb/sites 
[debug] [2023-01-06T15:51:38.137Z] <<< [apiv2][status] GET https://firebasehosting.googleapis.com/v1beta1/projects/seeingred-44beb/sites 200
[debug] [2023-01-06T15:51:38.137Z] <<< [apiv2][body] GET https://firebasehosting.googleapis.com/v1beta1/projects/seeingred-44beb/sites {"sites":[{"name":"projects/seeingred-44beb/sites/seeingred-44beb","defaultUrl":"https://seeingred-44beb.web.app","type":"DEFAULT_SITE"}]}
[debug] [2023-01-06T15:51:38.137Z] >>> [apiv2][query] GET https://firebase.googleapis.com/v1beta1/projects/seeingred-44beb/webApps/-/config [none]
[debug] [2023-01-06T15:51:38.790Z] <<< [apiv2][status] GET https://firebase.googleapis.com/v1beta1/projects/seeingred-44beb/webApps/-/config 200
[debug] [2023-01-06T15:51:38.791Z] <<< [apiv2][body] GET https://firebase.googleapis.com/v1beta1/projects/seeingred-44beb/webApps/-/config {"projectId":"seeingred-44beb","storageBucket":"seeingred-44beb.appspot.com","apiKey":"AIzaSyC47T_tTriI_ClwThk_fdsc8dvrJ5gRX5Q","authDomain":"seeingred-44beb.firebaseapp.com","messagingSenderId":"653659281319"}
[info] i  hosting: Serving hosting files from: SEEING-RED {"metadata":{"emulator":{"name":"hosting"},"message":"Serving hosting files from: \u001b[1mSEEING-RED\u001b[22m"}}
[info] ✔  hosting: Local server: http://localhost:5000 {"metadata":{"emulator":{"name":"hosting"},"message":"Local server: \u001b[4m\u001b[1mhttp://localhost:5000\u001b[22m\u001b[24m"}}
[info] i  hosting: 127.0.0.1 - - [06/Jan/2023:15:51:41 +0000] "GET /__/firebase/init.js?useEmulator=true HTTP/1.1" 200 - "http://localhost:5000/" "Mozilla/5.0 (X11; Ubuntu; Linux x86_64; rv:108.0) Gecko/20100101 Firefox/108.0" {"metadata":{"emulator":{"name":"hosting"},"message":"127.0.0.1 - - [06/Jan/2023:15:51:41 +0000] \"GET /__/firebase/init.js?useEmulator=true HTTP/1.1\" 200 - \"http://localhost:5000/\" \"Mozilla/5.0 (X11; Ubuntu; Linux x86_64; rv:108.0) Gecko/20100101 Firefox/108.0\""}}
